{"F:\\GitHub_Projects\\One_Tournament\\app.js": {"path":"F:\\GitHub_Projects\\One_Tournament\\app.js","statementMap":{"0":{"start":{"line":1,"column":16},"end":{"line":1,"column":34}},"1":{"start":{"line":2,"column":12},"end":{"line":2,"column":21}},"2":{"start":{"line":4,"column":0},"end":{"line":4,"column":24}},"3":{"start":{"line":5,"column":0},"end":{"line":5,"column":49}},"4":{"start":{"line":6,"column":21},"end":{"line":6,"column":47}},"5":{"start":{"line":7,"column":21},"end":{"line":7,"column":47}},"6":{"start":{"line":8,"column":22},"end":{"line":8,"column":49}},"7":{"start":{"line":9,"column":19},"end":{"line":9,"column":43}},"8":{"start":{"line":11,"column":0},"end":{"line":11,"column":31}},"9":{"start":{"line":12,"column":0},"end":{"line":12,"column":30}},"10":{"start":{"line":13,"column":0},"end":{"line":13,"column":30}},"11":{"start":{"line":14,"column":0},"end":{"line":14,"column":28}},"12":{"start":{"line":16,"column":0},"end":{"line":16,"column":21}}},"fnMap":{},"branchMap":{},"s":{"0":4,"1":4,"2":4,"3":4,"4":4,"5":4,"6":4,"7":4,"8":4,"9":4,"10":4,"11":4,"12":4},"f":{},"b":{},"_coverageSchema":"1a1c01bbd47fc00a2c39e90264f33305004495a9","hash":"f95c30911633d1007229293d4b53345eaf105f0f"}
,"F:\\GitHub_Projects\\One_Tournament\\controllers\\jugador.js": {"path":"F:\\GitHub_Projects\\One_Tournament\\controllers\\jugador.js","statementMap":{"0":{"start":{"line":1,"column":19},"end":{"line":1,"column":61}},"1":{"start":{"line":4,"column":2},"end":{"line":9,"column":3}},"2":{"start":{"line":5,"column":27},"end":{"line":5,"column":67}},"3":{"start":{"line":6,"column":4},"end":{"line":6,"column":54}},"4":{"start":{"line":8,"column":4},"end":{"line":8,"column":51}},"5":{"start":{"line":13,"column":2},"end":{"line":18,"column":3}},"6":{"start":{"line":14,"column":20},"end":{"line":14,"column":51}},"7":{"start":{"line":15,"column":4},"end":{"line":15,"column":51}},"8":{"start":{"line":17,"column":4},"end":{"line":17,"column":51}},"9":{"start":{"line":22,"column":2},"end":{"line":32,"column":3}},"10":{"start":{"line":23,"column":17},"end":{"line":23,"column":34}},"11":{"start":{"line":24,"column":18},"end":{"line":24,"column":56}},"12":{"start":{"line":25,"column":4},"end":{"line":29,"column":5}},"13":{"start":{"line":26,"column":6},"end":{"line":26,"column":75}},"14":{"start":{"line":28,"column":6},"end":{"line":28,"column":65}},"15":{"start":{"line":31,"column":4},"end":{"line":31,"column":51}},"16":{"start":{"line":36,"column":2},"end":{"line":47,"column":3}},"17":{"start":{"line":37,"column":17},"end":{"line":37,"column":34}},"18":{"start":{"line":38,"column":17},"end":{"line":38,"column":25}},"19":{"start":{"line":39,"column":18},"end":{"line":39,"column":64}},"20":{"start":{"line":40,"column":4},"end":{"line":44,"column":5}},"21":{"start":{"line":41,"column":6},"end":{"line":41,"column":77}},"22":{"start":{"line":43,"column":6},"end":{"line":43,"column":65}},"23":{"start":{"line":46,"column":4},"end":{"line":46,"column":51}},"24":{"start":{"line":51,"column":2},"end":{"line":61,"column":3}},"25":{"start":{"line":52,"column":17},"end":{"line":52,"column":34}},"26":{"start":{"line":53,"column":18},"end":{"line":53,"column":53}},"27":{"start":{"line":54,"column":4},"end":{"line":58,"column":5}},"28":{"start":{"line":55,"column":6},"end":{"line":55,"column":49}},"29":{"start":{"line":57,"column":6},"end":{"line":57,"column":65}},"30":{"start":{"line":60,"column":4},"end":{"line":60,"column":51}},"31":{"start":{"line":65,"column":2},"end":{"line":75,"column":3}},"32":{"start":{"line":66,"column":17},"end":{"line":66,"column":34}},"33":{"start":{"line":67,"column":17},"end":{"line":67,"column":57}},"34":{"start":{"line":68,"column":4},"end":{"line":72,"column":5}},"35":{"start":{"line":69,"column":6},"end":{"line":69,"column":47}},"36":{"start":{"line":71,"column":6},"end":{"line":71,"column":65}},"37":{"start":{"line":74,"column":4},"end":{"line":74,"column":51}},"38":{"start":{"line":79,"column":2},"end":{"line":89,"column":3}},"39":{"start":{"line":80,"column":34},"end":{"line":80,"column":44}},"40":{"start":{"line":81,"column":18},"end":{"line":81,"column":66}},"41":{"start":{"line":82,"column":4},"end":{"line":86,"column":5}},"42":{"start":{"line":83,"column":6},"end":{"line":83,"column":79}},"43":{"start":{"line":85,"column":6},"end":{"line":85,"column":65}},"44":{"start":{"line":88,"column":4},"end":{"line":88,"column":51}},"45":{"start":{"line":92,"column":0},"end":{"line":100,"column":2}}},"fnMap":{"0":{"name":"createJugador","decl":{"start":{"line":3,"column":15},"end":{"line":3,"column":28}},"loc":{"start":{"line":3,"column":39},"end":{"line":10,"column":1}},"line":3},"1":{"name":"getJugadores","decl":{"start":{"line":12,"column":15},"end":{"line":12,"column":27}},"loc":{"start":{"line":12,"column":38},"end":{"line":19,"column":1}},"line":12},"2":{"name":"deleteJugador","decl":{"start":{"line":21,"column":15},"end":{"line":21,"column":28}},"loc":{"start":{"line":21,"column":39},"end":{"line":33,"column":1}},"line":21},"3":{"name":"updateJugador","decl":{"start":{"line":35,"column":15},"end":{"line":35,"column":28}},"loc":{"start":{"line":35,"column":39},"end":{"line":48,"column":1}},"line":35},"4":{"name":"getJugador","decl":{"start":{"line":50,"column":15},"end":{"line":50,"column":25}},"loc":{"start":{"line":50,"column":36},"end":{"line":62,"column":1}},"line":50},"5":{"name":"getPuntosTorneo","decl":{"start":{"line":64,"column":15},"end":{"line":64,"column":30}},"loc":{"start":{"line":64,"column":41},"end":{"line":76,"column":1}},"line":64},"6":{"name":"setResultado","decl":{"start":{"line":78,"column":15},"end":{"line":78,"column":27}},"loc":{"start":{"line":78,"column":38},"end":{"line":90,"column":1}},"line":78}},"branchMap":{"0":{"loc":{"start":{"line":25,"column":4},"end":{"line":29,"column":5}},"type":"if","locations":[{"start":{"line":25,"column":4},"end":{"line":29,"column":5}},{"start":{"line":27,"column":11},"end":{"line":29,"column":5}}],"line":25},"1":{"loc":{"start":{"line":40,"column":4},"end":{"line":44,"column":5}},"type":"if","locations":[{"start":{"line":40,"column":4},"end":{"line":44,"column":5}},{"start":{"line":42,"column":11},"end":{"line":44,"column":5}}],"line":40},"2":{"loc":{"start":{"line":54,"column":4},"end":{"line":58,"column":5}},"type":"if","locations":[{"start":{"line":54,"column":4},"end":{"line":58,"column":5}},{"start":{"line":56,"column":11},"end":{"line":58,"column":5}}],"line":54},"3":{"loc":{"start":{"line":68,"column":4},"end":{"line":72,"column":5}},"type":"if","locations":[{"start":{"line":68,"column":4},"end":{"line":72,"column":5}},{"start":{"line":70,"column":11},"end":{"line":72,"column":5}}],"line":68},"4":{"loc":{"start":{"line":82,"column":4},"end":{"line":86,"column":5}},"type":"if","locations":[{"start":{"line":82,"column":4},"end":{"line":86,"column":5}},{"start":{"line":84,"column":11},"end":{"line":86,"column":5}}],"line":82}},"s":{"0":4,"1":4,"2":4,"3":3,"4":1,"5":2,"6":2,"7":1,"8":1,"9":3,"10":3,"11":3,"12":2,"13":1,"14":1,"15":1,"16":3,"17":3,"18":3,"19":3,"20":2,"21":1,"22":1,"23":1,"24":3,"25":3,"26":3,"27":2,"28":1,"29":1,"30":1,"31":3,"32":3,"33":3,"34":2,"35":1,"36":1,"37":1,"38":3,"39":3,"40":3,"41":2,"42":1,"43":1,"44":1,"45":4},"f":{"0":4,"1":2,"2":3,"3":3,"4":3,"5":3,"6":3},"b":{"0":[1,1],"1":[1,1],"2":[1,1],"3":[1,1],"4":[1,1]},"_coverageSchema":"1a1c01bbd47fc00a2c39e90264f33305004495a9","hash":"ea20b33d084430aaa64efde8053142d979e6aaf1"}
,"F:\\GitHub_Projects\\One_Tournament\\controllers\\tienda.js": {"path":"F:\\GitHub_Projects\\One_Tournament\\controllers\\tienda.js","statementMap":{"0":{"start":{"line":1,"column":19},"end":{"line":1,"column":60}},"1":{"start":{"line":4,"column":2},"end":{"line":9,"column":3}},"2":{"start":{"line":5,"column":26},"end":{"line":5,"column":65}},"3":{"start":{"line":6,"column":4},"end":{"line":6,"column":52}},"4":{"start":{"line":8,"column":4},"end":{"line":8,"column":51}},"5":{"start":{"line":13,"column":2},"end":{"line":18,"column":3}},"6":{"start":{"line":14,"column":18},"end":{"line":14,"column":47}},"7":{"start":{"line":15,"column":4},"end":{"line":15,"column":47}},"8":{"start":{"line":17,"column":4},"end":{"line":17,"column":51}},"9":{"start":{"line":22,"column":2},"end":{"line":32,"column":3}},"10":{"start":{"line":23,"column":17},"end":{"line":23,"column":34}},"11":{"start":{"line":24,"column":17},"end":{"line":24,"column":54}},"12":{"start":{"line":25,"column":4},"end":{"line":29,"column":5}},"13":{"start":{"line":26,"column":6},"end":{"line":26,"column":74}},"14":{"start":{"line":28,"column":6},"end":{"line":28,"column":64}},"15":{"start":{"line":31,"column":4},"end":{"line":31,"column":51}},"16":{"start":{"line":36,"column":2},"end":{"line":47,"column":3}},"17":{"start":{"line":37,"column":17},"end":{"line":37,"column":34}},"18":{"start":{"line":38,"column":17},"end":{"line":38,"column":25}},"19":{"start":{"line":39,"column":17},"end":{"line":39,"column":62}},"20":{"start":{"line":40,"column":4},"end":{"line":44,"column":5}},"21":{"start":{"line":41,"column":6},"end":{"line":41,"column":76}},"22":{"start":{"line":43,"column":6},"end":{"line":43,"column":64}},"23":{"start":{"line":46,"column":4},"end":{"line":46,"column":51}},"24":{"start":{"line":51,"column":2},"end":{"line":61,"column":3}},"25":{"start":{"line":52,"column":17},"end":{"line":52,"column":34}},"26":{"start":{"line":53,"column":17},"end":{"line":53,"column":51}},"27":{"start":{"line":54,"column":4},"end":{"line":58,"column":5}},"28":{"start":{"line":55,"column":6},"end":{"line":55,"column":47}},"29":{"start":{"line":57,"column":6},"end":{"line":57,"column":64}},"30":{"start":{"line":60,"column":4},"end":{"line":60,"column":51}},"31":{"start":{"line":64,"column":0},"end":{"line":70,"column":2}}},"fnMap":{"0":{"name":"createTienda","decl":{"start":{"line":3,"column":15},"end":{"line":3,"column":27}},"loc":{"start":{"line":3,"column":38},"end":{"line":10,"column":1}},"line":3},"1":{"name":"getTiendas","decl":{"start":{"line":12,"column":15},"end":{"line":12,"column":25}},"loc":{"start":{"line":12,"column":36},"end":{"line":19,"column":1}},"line":12},"2":{"name":"deleteTienda","decl":{"start":{"line":21,"column":15},"end":{"line":21,"column":27}},"loc":{"start":{"line":21,"column":38},"end":{"line":33,"column":1}},"line":21},"3":{"name":"updateTienda","decl":{"start":{"line":35,"column":15},"end":{"line":35,"column":27}},"loc":{"start":{"line":35,"column":38},"end":{"line":48,"column":1}},"line":35},"4":{"name":"getTienda","decl":{"start":{"line":50,"column":15},"end":{"line":50,"column":24}},"loc":{"start":{"line":50,"column":35},"end":{"line":62,"column":1}},"line":50}},"branchMap":{"0":{"loc":{"start":{"line":25,"column":4},"end":{"line":29,"column":5}},"type":"if","locations":[{"start":{"line":25,"column":4},"end":{"line":29,"column":5}},{"start":{"line":27,"column":11},"end":{"line":29,"column":5}}],"line":25},"1":{"loc":{"start":{"line":40,"column":4},"end":{"line":44,"column":5}},"type":"if","locations":[{"start":{"line":40,"column":4},"end":{"line":44,"column":5}},{"start":{"line":42,"column":11},"end":{"line":44,"column":5}}],"line":40},"2":{"loc":{"start":{"line":54,"column":4},"end":{"line":58,"column":5}},"type":"if","locations":[{"start":{"line":54,"column":4},"end":{"line":58,"column":5}},{"start":{"line":56,"column":11},"end":{"line":58,"column":5}}],"line":54}},"s":{"0":4,"1":2,"2":2,"3":1,"4":1,"5":2,"6":2,"7":1,"8":1,"9":3,"10":3,"11":3,"12":2,"13":1,"14":1,"15":1,"16":3,"17":3,"18":3,"19":3,"20":2,"21":1,"22":1,"23":1,"24":3,"25":3,"26":3,"27":2,"28":1,"29":1,"30":1,"31":4},"f":{"0":2,"1":2,"2":3,"3":3,"4":3},"b":{"0":[1,1],"1":[1,1],"2":[1,1]},"_coverageSchema":"1a1c01bbd47fc00a2c39e90264f33305004495a9","hash":"4dd77fd6a08012977b313c99c1824ce00dab6915"}
,"F:\\GitHub_Projects\\One_Tournament\\controllers\\torneo.js": {"path":"F:\\GitHub_Projects\\One_Tournament\\controllers\\torneo.js","statementMap":{"0":{"start":{"line":1,"column":19},"end":{"line":1,"column":60}},"1":{"start":{"line":2,"column":26},"end":{"line":2,"column":68}},"2":{"start":{"line":3,"column":25},"end":{"line":3,"column":55}},"3":{"start":{"line":4,"column":23},"end":{"line":4,"column":58}},"4":{"start":{"line":7,"column":2},"end":{"line":17,"column":3}},"5":{"start":{"line":8,"column":26},"end":{"line":8,"column":65}},"6":{"start":{"line":10,"column":4},"end":{"line":14,"column":5}},"7":{"start":{"line":11,"column":6},"end":{"line":11,"column":71}},"8":{"start":{"line":13,"column":6},"end":{"line":13,"column":65}},"9":{"start":{"line":16,"column":4},"end":{"line":16,"column":51}},"10":{"start":{"line":21,"column":2},"end":{"line":26,"column":3}},"11":{"start":{"line":22,"column":18},"end":{"line":22,"column":47}},"12":{"start":{"line":23,"column":4},"end":{"line":23,"column":47}},"13":{"start":{"line":25,"column":4},"end":{"line":25,"column":51}},"14":{"start":{"line":30,"column":2},"end":{"line":40,"column":3}},"15":{"start":{"line":31,"column":36},"end":{"line":31,"column":46}},"16":{"start":{"line":32,"column":17},"end":{"line":32,"column":67}},"17":{"start":{"line":33,"column":4},"end":{"line":37,"column":5}},"18":{"start":{"line":34,"column":6},"end":{"line":34,"column":74}},"19":{"start":{"line":36,"column":6},"end":{"line":36,"column":64}},"20":{"start":{"line":39,"column":4},"end":{"line":39,"column":51}},"21":{"start":{"line":44,"column":2},"end":{"line":55,"column":3}},"22":{"start":{"line":45,"column":36},"end":{"line":45,"column":46}},"23":{"start":{"line":46,"column":17},"end":{"line":46,"column":25}},"24":{"start":{"line":47,"column":17},"end":{"line":47,"column":75}},"25":{"start":{"line":48,"column":4},"end":{"line":52,"column":5}},"26":{"start":{"line":49,"column":6},"end":{"line":49,"column":76}},"27":{"start":{"line":51,"column":6},"end":{"line":51,"column":64}},"28":{"start":{"line":54,"column":4},"end":{"line":54,"column":51}},"29":{"start":{"line":59,"column":2},"end":{"line":69,"column":3}},"30":{"start":{"line":60,"column":36},"end":{"line":60,"column":46}},"31":{"start":{"line":61,"column":17},"end":{"line":61,"column":64}},"32":{"start":{"line":62,"column":4},"end":{"line":66,"column":5}},"33":{"start":{"line":63,"column":6},"end":{"line":63,"column":47}},"34":{"start":{"line":65,"column":6},"end":{"line":65,"column":64}},"35":{"start":{"line":68,"column":4},"end":{"line":68,"column":51}},"36":{"start":{"line":73,"column":43},"end":{"line":73,"column":53}},"37":{"start":{"line":74,"column":2},"end":{"line":102,"column":3}},"38":{"start":{"line":75,"column":21},"end":{"line":75,"column":68}},"39":{"start":{"line":77,"column":4},"end":{"line":79,"column":5}},"40":{"start":{"line":78,"column":6},"end":{"line":78,"column":71}},"41":{"start":{"line":81,"column":20},"end":{"line":81,"column":38}},"42":{"start":{"line":83,"column":4},"end":{"line":85,"column":5}},"43":{"start":{"line":84,"column":6},"end":{"line":84,"column":69}},"44":{"start":{"line":87,"column":4},"end":{"line":89,"column":5}},"45":{"start":{"line":88,"column":6},"end":{"line":88,"column":66}},"46":{"start":{"line":91,"column":4},"end":{"line":93,"column":5}},"47":{"start":{"line":92,"column":6},"end":{"line":92,"column":68}},"48":{"start":{"line":95,"column":4},"end":{"line":95,"column":28}},"49":{"start":{"line":97,"column":4},"end":{"line":97,"column":70}},"50":{"start":{"line":99,"column":4},"end":{"line":99,"column":71}},"51":{"start":{"line":101,"column":4},"end":{"line":101,"column":51}},"52":{"start":{"line":106,"column":43},"end":{"line":106,"column":53}},"53":{"start":{"line":107,"column":2},"end":{"line":121,"column":3}},"54":{"start":{"line":108,"column":21},"end":{"line":108,"column":68}},"55":{"start":{"line":109,"column":4},"end":{"line":111,"column":5}},"56":{"start":{"line":110,"column":6},"end":{"line":110,"column":71}},"57":{"start":{"line":112,"column":20},"end":{"line":112,"column":38}},"58":{"start":{"line":113,"column":4},"end":{"line":115,"column":5}},"59":{"start":{"line":114,"column":6},"end":{"line":114,"column":68}},"60":{"start":{"line":116,"column":4},"end":{"line":116,"column":55}},"61":{"start":{"line":116,"column":40},"end":{"line":116,"column":53}},"62":{"start":{"line":117,"column":4},"end":{"line":117,"column":70}},"63":{"start":{"line":118,"column":4},"end":{"line":118,"column":80}},"64":{"start":{"line":120,"column":4},"end":{"line":120,"column":58}},"65":{"start":{"line":125,"column":2},"end":{"line":137,"column":3}},"66":{"start":{"line":126,"column":36},"end":{"line":126,"column":46}},"67":{"start":{"line":127,"column":17},"end":{"line":127,"column":64}},"68":{"start":{"line":128,"column":4},"end":{"line":134,"column":5}},"69":{"start":{"line":129,"column":6},"end":{"line":131,"column":9}},"70":{"start":{"line":133,"column":6},"end":{"line":133,"column":64}},"71":{"start":{"line":136,"column":4},"end":{"line":136,"column":51}},"72":{"start":{"line":141,"column":2},"end":{"line":175,"column":3}},"73":{"start":{"line":142,"column":36},"end":{"line":142,"column":46}},"74":{"start":{"line":144,"column":17},"end":{"line":144,"column":64}},"75":{"start":{"line":146,"column":4},"end":{"line":161,"column":5}},"76":{"start":{"line":147,"column":6},"end":{"line":147,"column":71}},"77":{"start":{"line":148,"column":11},"end":{"line":161,"column":5}},"78":{"start":{"line":149,"column":6},"end":{"line":149,"column":68}},"79":{"start":{"line":150,"column":11},"end":{"line":161,"column":5}},"80":{"start":{"line":151,"column":6},"end":{"line":153,"column":9}},"81":{"start":{"line":154,"column":6},"end":{"line":154,"column":62}},"82":{"start":{"line":155,"column":6},"end":{"line":155,"column":57}},"83":{"start":{"line":156,"column":6},"end":{"line":156,"column":39}},"84":{"start":{"line":157,"column":6},"end":{"line":160,"column":9}},"85":{"start":{"line":163,"column":20},"end":{"line":163,"column":36}},"86":{"start":{"line":164,"column":4},"end":{"line":164,"column":38}},"87":{"start":{"line":166,"column":4},"end":{"line":168,"column":7}},"88":{"start":{"line":170,"column":4},"end":{"line":172,"column":69}},"89":{"start":{"line":174,"column":4},"end":{"line":174,"column":51}},"90":{"start":{"line":179,"column":2},"end":{"line":194,"column":3}},"91":{"start":{"line":180,"column":56},"end":{"line":180,"column":66}},"92":{"start":{"line":182,"column":17},"end":{"line":182,"column":64}},"93":{"start":{"line":184,"column":4},"end":{"line":186,"column":5}},"94":{"start":{"line":185,"column":6},"end":{"line":185,"column":71}},"95":{"start":{"line":188,"column":18},"end":{"line":188,"column":62}},"96":{"start":{"line":189,"column":19},"end":{"line":189,"column":63}},"97":{"start":{"line":190,"column":4},"end":{"line":190,"column":56}},"98":{"start":{"line":191,"column":4},"end":{"line":191,"column":75}},"99":{"start":{"line":193,"column":4},"end":{"line":193,"column":51}},"100":{"start":{"line":198,"column":2},"end":{"line":224,"column":3}},"101":{"start":{"line":199,"column":36},"end":{"line":199,"column":46}},"102":{"start":{"line":201,"column":17},"end":{"line":201,"column":64}},"103":{"start":{"line":203,"column":4},"end":{"line":221,"column":5}},"104":{"start":{"line":204,"column":6},"end":{"line":204,"column":71}},"105":{"start":{"line":205,"column":11},"end":{"line":221,"column":5}},"106":{"start":{"line":206,"column":6},"end":{"line":206,"column":68}},"107":{"start":{"line":208,"column":27},"end":{"line":208,"column":73}},"108":{"start":{"line":210,"column":6},"end":{"line":220,"column":7}},"109":{"start":{"line":211,"column":22},"end":{"line":211,"column":62}},"110":{"start":{"line":213,"column":8},"end":{"line":215,"column":11}},"111":{"start":{"line":217,"column":8},"end":{"line":219,"column":62}},"112":{"start":{"line":223,"column":4},"end":{"line":223,"column":51}},"113":{"start":{"line":227,"column":2},"end":{"line":238,"column":3}},"114":{"start":{"line":228,"column":20},"end":{"line":228,"column":63}},"115":{"start":{"line":229,"column":4},"end":{"line":232,"column":5}},"116":{"start":{"line":230,"column":6},"end":{"line":230,"column":56}},"117":{"start":{"line":231,"column":6},"end":{"line":231,"column":15}},"118":{"start":{"line":233,"column":23},"end":{"line":233,"column":45}},"119":{"start":{"line":234,"column":4},"end":{"line":237,"column":7}},"120":{"start":{"line":241,"column":2},"end":{"line":253,"column":3}},"121":{"start":{"line":242,"column":20},"end":{"line":242,"column":63}},"122":{"start":{"line":243,"column":4},"end":{"line":246,"column":5}},"123":{"start":{"line":244,"column":6},"end":{"line":244,"column":56}},"124":{"start":{"line":245,"column":6},"end":{"line":245,"column":15}},"125":{"start":{"line":247,"column":24},"end":{"line":247,"column":47}},"126":{"start":{"line":248,"column":23},"end":{"line":248,"column":45}},"127":{"start":{"line":249,"column":23},"end":{"line":249,"column":51}},"128":{"start":{"line":250,"column":4},"end":{"line":252,"column":7}},"129":{"start":{"line":257,"column":2},"end":{"line":266,"column":3}},"130":{"start":{"line":258,"column":20},"end":{"line":258,"column":63}},"131":{"start":{"line":259,"column":4},"end":{"line":262,"column":5}},"132":{"start":{"line":260,"column":6},"end":{"line":260,"column":56}},"133":{"start":{"line":261,"column":6},"end":{"line":261,"column":15}},"134":{"start":{"line":263,"column":4},"end":{"line":265,"column":7}},"135":{"start":{"line":270,"column":2},"end":{"line":285,"column":3}},"136":{"start":{"line":272,"column":20},"end":{"line":272,"column":63}},"137":{"start":{"line":274,"column":4},"end":{"line":277,"column":5}},"138":{"start":{"line":275,"column":6},"end":{"line":275,"column":56}},"139":{"start":{"line":276,"column":6},"end":{"line":276,"column":15}},"140":{"start":{"line":278,"column":23},"end":{"line":278,"column":45}},"141":{"start":{"line":279,"column":20},"end":{"line":279,"column":39}},"142":{"start":{"line":280,"column":23},"end":{"line":280,"column":76}},"143":{"start":{"line":282,"column":4},"end":{"line":284,"column":7}},"144":{"start":{"line":287,"column":0},"end":{"line":299,"column":2}}},"fnMap":{"0":{"name":"createTorneo","decl":{"start":{"line":6,"column":15},"end":{"line":6,"column":27}},"loc":{"start":{"line":6,"column":38},"end":{"line":18,"column":1}},"line":6},"1":{"name":"getTorneos","decl":{"start":{"line":20,"column":15},"end":{"line":20,"column":25}},"loc":{"start":{"line":20,"column":36},"end":{"line":27,"column":1}},"line":20},"2":{"name":"deleteTorneo","decl":{"start":{"line":29,"column":15},"end":{"line":29,"column":27}},"loc":{"start":{"line":29,"column":38},"end":{"line":41,"column":1}},"line":29},"3":{"name":"updateTorneo","decl":{"start":{"line":43,"column":15},"end":{"line":43,"column":27}},"loc":{"start":{"line":43,"column":38},"end":{"line":56,"column":1}},"line":43},"4":{"name":"getTorneo","decl":{"start":{"line":58,"column":15},"end":{"line":58,"column":24}},"loc":{"start":{"line":58,"column":35},"end":{"line":70,"column":1}},"line":58},"5":{"name":"añadirParticipante","decl":{"start":{"line":72,"column":15},"end":{"line":72,"column":33}},"loc":{"start":{"line":72,"column":44},"end":{"line":103,"column":1}},"line":72},"6":{"name":"eliminarParticipante","decl":{"start":{"line":105,"column":15},"end":{"line":105,"column":35}},"loc":{"start":{"line":105,"column":46},"end":{"line":122,"column":1}},"line":105},"7":{"name":"(anonymous_7)","decl":{"start":{"line":116,"column":33},"end":{"line":116,"column":34}},"loc":{"start":{"line":116,"column":40},"end":{"line":116,"column":53}},"line":116},"8":{"name":"getPuntosJugadores","decl":{"start":{"line":124,"column":15},"end":{"line":124,"column":33}},"loc":{"start":{"line":124,"column":44},"end":{"line":138,"column":1}},"line":124},"9":{"name":"calculoRonda","decl":{"start":{"line":140,"column":15},"end":{"line":140,"column":27}},"loc":{"start":{"line":140,"column":38},"end":{"line":176,"column":1}},"line":140},"10":{"name":"pairing","decl":{"start":{"line":178,"column":15},"end":{"line":178,"column":22}},"loc":{"start":{"line":178,"column":33},"end":{"line":195,"column":1}},"line":178},"11":{"name":"emparejarTorneo","decl":{"start":{"line":197,"column":15},"end":{"line":197,"column":30}},"loc":{"start":{"line":197,"column":41},"end":{"line":225,"column":1}},"line":197},"12":{"name":"actualizarPuntosUltimoTorneoJugadores","decl":{"start":{"line":226,"column":15},"end":{"line":226,"column":52}},"loc":{"start":{"line":226,"column":64},"end":{"line":239,"column":1}},"line":226},"13":{"name":"actualizarPuntosTotalesJugadores","decl":{"start":{"line":240,"column":15},"end":{"line":240,"column":47}},"loc":{"start":{"line":240,"column":59},"end":{"line":254,"column":1}},"line":240},"14":{"name":"eliminarParing","decl":{"start":{"line":256,"column":15},"end":{"line":256,"column":29}},"loc":{"start":{"line":256,"column":41},"end":{"line":267,"column":1}},"line":256},"15":{"name":"actualizarPuntosTorneo","decl":{"start":{"line":269,"column":15},"end":{"line":269,"column":37}},"loc":{"start":{"line":269,"column":49},"end":{"line":286,"column":1}},"line":269}},"branchMap":{"0":{"loc":{"start":{"line":10,"column":4},"end":{"line":14,"column":5}},"type":"if","locations":[{"start":{"line":10,"column":4},"end":{"line":14,"column":5}},{"start":{"line":12,"column":11},"end":{"line":14,"column":5}}],"line":10},"1":{"loc":{"start":{"line":33,"column":4},"end":{"line":37,"column":5}},"type":"if","locations":[{"start":{"line":33,"column":4},"end":{"line":37,"column":5}},{"start":{"line":35,"column":11},"end":{"line":37,"column":5}}],"line":33},"2":{"loc":{"start":{"line":48,"column":4},"end":{"line":52,"column":5}},"type":"if","locations":[{"start":{"line":48,"column":4},"end":{"line":52,"column":5}},{"start":{"line":50,"column":11},"end":{"line":52,"column":5}}],"line":48},"3":{"loc":{"start":{"line":62,"column":4},"end":{"line":66,"column":5}},"type":"if","locations":[{"start":{"line":62,"column":4},"end":{"line":66,"column":5}},{"start":{"line":64,"column":11},"end":{"line":66,"column":5}}],"line":62},"4":{"loc":{"start":{"line":77,"column":4},"end":{"line":79,"column":5}},"type":"if","locations":[{"start":{"line":77,"column":4},"end":{"line":79,"column":5}},{"start":{},"end":{}}],"line":77},"5":{"loc":{"start":{"line":83,"column":4},"end":{"line":85,"column":5}},"type":"if","locations":[{"start":{"line":83,"column":4},"end":{"line":85,"column":5}},{"start":{},"end":{}}],"line":83},"6":{"loc":{"start":{"line":87,"column":4},"end":{"line":89,"column":5}},"type":"if","locations":[{"start":{"line":87,"column":4},"end":{"line":89,"column":5}},{"start":{},"end":{}}],"line":87},"7":{"loc":{"start":{"line":91,"column":4},"end":{"line":93,"column":5}},"type":"if","locations":[{"start":{"line":91,"column":4},"end":{"line":93,"column":5}},{"start":{},"end":{}}],"line":91},"8":{"loc":{"start":{"line":109,"column":4},"end":{"line":111,"column":5}},"type":"if","locations":[{"start":{"line":109,"column":4},"end":{"line":111,"column":5}},{"start":{},"end":{}}],"line":109},"9":{"loc":{"start":{"line":113,"column":4},"end":{"line":115,"column":5}},"type":"if","locations":[{"start":{"line":113,"column":4},"end":{"line":115,"column":5}},{"start":{},"end":{}}],"line":113},"10":{"loc":{"start":{"line":128,"column":4},"end":{"line":134,"column":5}},"type":"if","locations":[{"start":{"line":128,"column":4},"end":{"line":134,"column":5}},{"start":{"line":132,"column":11},"end":{"line":134,"column":5}}],"line":128},"11":{"loc":{"start":{"line":146,"column":4},"end":{"line":161,"column":5}},"type":"if","locations":[{"start":{"line":146,"column":4},"end":{"line":161,"column":5}},{"start":{"line":148,"column":11},"end":{"line":161,"column":5}}],"line":146},"12":{"loc":{"start":{"line":148,"column":11},"end":{"line":161,"column":5}},"type":"if","locations":[{"start":{"line":148,"column":11},"end":{"line":161,"column":5}},{"start":{"line":150,"column":11},"end":{"line":161,"column":5}}],"line":148},"13":{"loc":{"start":{"line":150,"column":11},"end":{"line":161,"column":5}},"type":"if","locations":[{"start":{"line":150,"column":11},"end":{"line":161,"column":5}},{"start":{},"end":{}}],"line":150},"14":{"loc":{"start":{"line":184,"column":4},"end":{"line":186,"column":5}},"type":"if","locations":[{"start":{"line":184,"column":4},"end":{"line":186,"column":5}},{"start":{},"end":{}}],"line":184},"15":{"loc":{"start":{"line":203,"column":4},"end":{"line":221,"column":5}},"type":"if","locations":[{"start":{"line":203,"column":4},"end":{"line":221,"column":5}},{"start":{"line":205,"column":11},"end":{"line":221,"column":5}}],"line":203},"16":{"loc":{"start":{"line":205,"column":11},"end":{"line":221,"column":5}},"type":"if","locations":[{"start":{"line":205,"column":11},"end":{"line":221,"column":5}},{"start":{"line":207,"column":11},"end":{"line":221,"column":5}}],"line":205},"17":{"loc":{"start":{"line":210,"column":6},"end":{"line":220,"column":7}},"type":"if","locations":[{"start":{"line":210,"column":6},"end":{"line":220,"column":7}},{"start":{"line":216,"column":13},"end":{"line":220,"column":7}}],"line":210},"18":{"loc":{"start":{"line":229,"column":4},"end":{"line":232,"column":5}},"type":"if","locations":[{"start":{"line":229,"column":4},"end":{"line":232,"column":5}},{"start":{},"end":{}}],"line":229},"19":{"loc":{"start":{"line":243,"column":4},"end":{"line":246,"column":5}},"type":"if","locations":[{"start":{"line":243,"column":4},"end":{"line":246,"column":5}},{"start":{},"end":{}}],"line":243},"20":{"loc":{"start":{"line":259,"column":4},"end":{"line":262,"column":5}},"type":"if","locations":[{"start":{"line":259,"column":4},"end":{"line":262,"column":5}},{"start":{},"end":{}}],"line":259},"21":{"loc":{"start":{"line":274,"column":4},"end":{"line":277,"column":5}},"type":"if","locations":[{"start":{"line":274,"column":4},"end":{"line":277,"column":5}},{"start":{},"end":{}}],"line":274}},"s":{"0":4,"1":4,"2":4,"3":4,"4":7,"5":7,"6":6,"7":5,"8":1,"9":1,"10":2,"11":2,"12":1,"13":1,"14":3,"15":3,"16":3,"17":2,"18":1,"19":1,"20":1,"21":3,"22":3,"23":3,"24":3,"25":2,"26":1,"27":1,"28":1,"29":3,"30":3,"31":3,"32":2,"33":1,"34":1,"35":1,"36":6,"37":6,"38":6,"39":5,"40":1,"41":4,"42":4,"43":1,"44":3,"45":1,"46":2,"47":1,"48":1,"49":1,"50":1,"51":1,"52":4,"53":4,"54":4,"55":3,"56":1,"57":2,"58":2,"59":1,"60":1,"61":4,"62":1,"63":1,"64":1,"65":3,"66":3,"67":3,"68":2,"69":1,"70":1,"71":1,"72":5,"73":5,"74":5,"75":4,"76":1,"77":3,"78":1,"79":2,"80":1,"81":1,"82":1,"83":1,"84":1,"85":1,"86":1,"87":1,"88":1,"89":1,"90":3,"91":3,"92":3,"93":2,"94":1,"95":1,"96":1,"97":1,"98":1,"99":1,"100":5,"101":5,"102":5,"103":4,"104":1,"105":3,"106":1,"107":2,"108":2,"109":1,"110":1,"111":1,"112":1,"113":1,"114":2,"115":2,"116":0,"117":0,"118":2,"119":2,"120":1,"121":2,"122":2,"123":0,"124":0,"125":2,"126":2,"127":2,"128":2,"129":1,"130":2,"131":2,"132":0,"133":0,"134":2,"135":1,"136":3,"137":3,"138":3,"139":3,"140":0,"141":0,"142":0,"143":0,"144":4},"f":{"0":7,"1":2,"2":3,"3":3,"4":3,"5":6,"6":4,"7":4,"8":3,"9":5,"10":3,"11":5,"12":1,"13":1,"14":1,"15":1},"b":{"0":[5,1],"1":[1,1],"2":[1,1],"3":[1,1],"4":[1,4],"5":[1,3],"6":[1,2],"7":[1,1],"8":[1,2],"9":[1,1],"10":[1,1],"11":[1,3],"12":[1,2],"13":[1,1],"14":[1,1],"15":[1,3],"16":[1,2],"17":[1,1],"18":[0,2],"19":[0,2],"20":[0,2],"21":[3,0]},"_coverageSchema":"1a1c01bbd47fc00a2c39e90264f33305004495a9","hash":"64b0e5d0c7592abbbbc84249a68b5773ed6dd7ca"}
,"F:\\GitHub_Projects\\One_Tournament\\controllers\\user.js": {"path":"F:\\GitHub_Projects\\One_Tournament\\controllers\\user.js","statementMap":{"0":{"start":{"line":1,"column":19},"end":{"line":1,"column":58}},"1":{"start":{"line":2,"column":12},"end":{"line":2,"column":38}},"2":{"start":{"line":3,"column":15},"end":{"line":3,"column":34}},"3":{"start":{"line":6,"column":30},"end":{"line":6,"column":38}},"4":{"start":{"line":7,"column":2},"end":{"line":15,"column":3}},"5":{"start":{"line":8,"column":4},"end":{"line":8,"column":38}},"6":{"start":{"line":9,"column":17},"end":{"line":9,"column":54}},"7":{"start":{"line":10,"column":4},"end":{"line":10,"column":25}},"8":{"start":{"line":11,"column":22},"end":{"line":11,"column":57}},"9":{"start":{"line":12,"column":4},"end":{"line":12,"column":48}},"10":{"start":{"line":14,"column":4},"end":{"line":14,"column":51}},"11":{"start":{"line":19,"column":2},"end":{"line":21,"column":3}},"12":{"start":{"line":20,"column":4},"end":{"line":20,"column":47}},"13":{"start":{"line":25,"column":2},"end":{"line":27,"column":3}},"14":{"start":{"line":26,"column":4},"end":{"line":26,"column":55}},"15":{"start":{"line":31,"column":30},"end":{"line":31,"column":38}},"16":{"start":{"line":32,"column":2},"end":{"line":48,"column":3}},"17":{"start":{"line":33,"column":17},"end":{"line":33,"column":54}},"18":{"start":{"line":34,"column":4},"end":{"line":36,"column":5}},"19":{"start":{"line":35,"column":6},"end":{"line":35,"column":47}},"20":{"start":{"line":37,"column":19},"end":{"line":37,"column":62}},"21":{"start":{"line":38,"column":4},"end":{"line":41,"column":5}},"22":{"start":{"line":40,"column":6},"end":{"line":40,"column":47}},"23":{"start":{"line":42,"column":4},"end":{"line":45,"column":7}},"24":{"start":{"line":47,"column":4},"end":{"line":47,"column":51}},"25":{"start":{"line":52,"column":2},"end":{"line":52,"column":54}},"26":{"start":{"line":55,"column":0},"end":{"line":59,"column":2}}},"fnMap":{"0":{"name":"register","decl":{"start":{"line":5,"column":15},"end":{"line":5,"column":23}},"loc":{"start":{"line":5,"column":34},"end":{"line":16,"column":1}},"line":5},"1":{"name":"checkUserExist","decl":{"start":{"line":18,"column":9},"end":{"line":18,"column":23}},"loc":{"start":{"line":18,"column":30},"end":{"line":22,"column":1}},"line":18},"2":{"name":"checkMailAndPass","decl":{"start":{"line":24,"column":9},"end":{"line":24,"column":25}},"loc":{"start":{"line":24,"column":38},"end":{"line":28,"column":1}},"line":24},"3":{"name":"login","decl":{"start":{"line":30,"column":15},"end":{"line":30,"column":20}},"loc":{"start":{"line":30,"column":31},"end":{"line":49,"column":1}},"line":30},"4":{"name":"protectedRoute","decl":{"start":{"line":51,"column":9},"end":{"line":51,"column":23}},"loc":{"start":{"line":51,"column":34},"end":{"line":53,"column":1}},"line":51}},"branchMap":{"0":{"loc":{"start":{"line":19,"column":2},"end":{"line":21,"column":3}},"type":"if","locations":[{"start":{"line":19,"column":2},"end":{"line":21,"column":3}},{"start":{},"end":{}}],"line":19},"1":{"loc":{"start":{"line":25,"column":2},"end":{"line":27,"column":3}},"type":"if","locations":[{"start":{"line":25,"column":2},"end":{"line":27,"column":3}},{"start":{},"end":{}}],"line":25},"2":{"loc":{"start":{"line":25,"column":6},"end":{"line":25,"column":20}},"type":"binary-expr","locations":[{"start":{"line":25,"column":6},"end":{"line":25,"column":11}},{"start":{"line":25,"column":15},"end":{"line":25,"column":20}}],"line":25},"3":{"loc":{"start":{"line":34,"column":4},"end":{"line":36,"column":5}},"type":"if","locations":[{"start":{"line":34,"column":4},"end":{"line":36,"column":5}},{"start":{},"end":{}}],"line":34},"4":{"loc":{"start":{"line":38,"column":4},"end":{"line":41,"column":5}},"type":"if","locations":[{"start":{"line":38,"column":4},"end":{"line":41,"column":5}},{"start":{},"end":{}}],"line":38}},"s":{"0":4,"1":4,"2":4,"3":8,"4":8,"5":8,"6":5,"7":5,"8":4,"9":4,"10":4,"11":5,"12":1,"13":8,"14":3,"15":6,"16":6,"17":6,"18":6,"19":1,"20":5,"21":5,"22":1,"23":4,"24":2,"25":1,"26":4},"f":{"0":8,"1":5,"2":8,"3":6,"4":1},"b":{"0":[1,4],"1":[3,5],"2":[8,6],"3":[1,5],"4":[1,4]},"_coverageSchema":"1a1c01bbd47fc00a2c39e90264f33305004495a9","hash":"90b5ed6641386a9527d1487754bfc9caa72949df"}
,"F:\\GitHub_Projects\\One_Tournament\\domain\\emparejamiento.js": {"path":"F:\\GitHub_Projects\\One_Tournament\\domain\\emparejamiento.js","statementMap":{"0":{"start":{"line":1,"column":0},"end":{"line":1,"column":56}},"1":{"start":{"line":4,"column":23},"end":{"line":4,"column":25}},"2":{"start":{"line":5,"column":2},"end":{"line":21,"column":3}},"3":{"start":{"line":6,"column":4},"end":{"line":15,"column":5}},"4":{"start":{"line":6,"column":17},"end":{"line":6,"column":18}},"5":{"start":{"line":7,"column":20},"end":{"line":7,"column":68}},"6":{"start":{"line":8,"column":6},"end":{"line":14,"column":7}},"7":{"start":{"line":9,"column":8},"end":{"line":13,"column":11}},"8":{"start":{"line":17,"column":4},"end":{"line":17,"column":80}},"9":{"start":{"line":17,"column":34},"end":{"line":17,"column":78}},"10":{"start":{"line":18,"column":4},"end":{"line":18,"column":26}},"11":{"start":{"line":20,"column":4},"end":{"line":20,"column":16}},"12":{"start":{"line":25,"column":16},"end":{"line":25,"column":18}},"13":{"start":{"line":27,"column":2},"end":{"line":44,"column":3}},"14":{"start":{"line":27,"column":15},"end":{"line":27,"column":16}},"15":{"start":{"line":28,"column":19},"end":{"line":28,"column":36}},"16":{"start":{"line":29,"column":19},"end":{"line":29,"column":40}},"17":{"start":{"line":32,"column":17},"end":{"line":41,"column":5}},"18":{"start":{"line":43,"column":4},"end":{"line":43,"column":25}},"19":{"start":{"line":47,"column":2},"end":{"line":60,"column":3}},"20":{"start":{"line":48,"column":21},"end":{"line":48,"column":62}},"21":{"start":{"line":51,"column":20},"end":{"line":57,"column":5}},"22":{"start":{"line":59,"column":4},"end":{"line":59,"column":28}},"23":{"start":{"line":62,"column":2},"end":{"line":62,"column":17}},"24":{"start":{"line":66,"column":2},"end":{"line":85,"column":3}},"25":{"start":{"line":67,"column":4},"end":{"line":67,"column":28}},"26":{"start":{"line":68,"column":4},"end":{"line":68,"column":29}},"27":{"start":{"line":69,"column":4},"end":{"line":69,"column":25}},"28":{"start":{"line":70,"column":4},"end":{"line":70,"column":26}},"29":{"start":{"line":71,"column":9},"end":{"line":85,"column":3}},"30":{"start":{"line":72,"column":4},"end":{"line":72,"column":25}},"31":{"start":{"line":73,"column":4},"end":{"line":73,"column":26}},"32":{"start":{"line":74,"column":4},"end":{"line":74,"column":28}},"33":{"start":{"line":75,"column":4},"end":{"line":75,"column":29}},"34":{"start":{"line":76,"column":9},"end":{"line":85,"column":3}},"35":{"start":{"line":77,"column":4},"end":{"line":77,"column":26}},"36":{"start":{"line":78,"column":4},"end":{"line":78,"column":28}},"37":{"start":{"line":79,"column":4},"end":{"line":79,"column":29}},"38":{"start":{"line":81,"column":4},"end":{"line":81,"column":25}},"39":{"start":{"line":82,"column":4},"end":{"line":82,"column":26}},"40":{"start":{"line":83,"column":4},"end":{"line":83,"column":28}},"41":{"start":{"line":84,"column":4},"end":{"line":84,"column":29}},"42":{"start":{"line":88,"column":2},"end":{"line":91,"column":5}},"43":{"start":{"line":92,"column":2},"end":{"line":95,"column":5}},"44":{"start":{"line":98,"column":0},"end":{"line":102,"column":2}}},"fnMap":{"0":{"name":"getListaJugadores","decl":{"start":{"line":3,"column":15},"end":{"line":3,"column":32}},"loc":{"start":{"line":3,"column":41},"end":{"line":22,"column":1}},"line":3},"1":{"name":"(anonymous_1)","decl":{"start":{"line":17,"column":24},"end":{"line":17,"column":25}},"loc":{"start":{"line":17,"column":34},"end":{"line":17,"column":78}},"line":17},"2":{"name":"emparejar","decl":{"start":{"line":24,"column":9},"end":{"line":24,"column":18}},"loc":{"start":{"line":24,"column":35},"end":{"line":63,"column":1}},"line":24},"3":{"name":"actualizarPairing","decl":{"start":{"line":65,"column":15},"end":{"line":65,"column":32}},"loc":{"start":{"line":65,"column":52},"end":{"line":96,"column":1}},"line":65}},"branchMap":{"0":{"loc":{"start":{"line":5,"column":2},"end":{"line":21,"column":3}},"type":"if","locations":[{"start":{"line":5,"column":2},"end":{"line":21,"column":3}},{"start":{"line":19,"column":9},"end":{"line":21,"column":3}}],"line":5},"1":{"loc":{"start":{"line":8,"column":6},"end":{"line":14,"column":7}},"type":"if","locations":[{"start":{"line":8,"column":6},"end":{"line":14,"column":7}},{"start":{},"end":{}}],"line":8},"2":{"loc":{"start":{"line":17,"column":34},"end":{"line":17,"column":78}},"type":"binary-expr","locations":[{"start":{"line":17,"column":34},"end":{"line":17,"column":53}},{"start":{"line":17,"column":57},"end":{"line":17,"column":78}}],"line":17},"3":{"loc":{"start":{"line":47,"column":2},"end":{"line":60,"column":3}},"type":"if","locations":[{"start":{"line":47,"column":2},"end":{"line":60,"column":3}},{"start":{},"end":{}}],"line":47},"4":{"loc":{"start":{"line":66,"column":2},"end":{"line":85,"column":3}},"type":"if","locations":[{"start":{"line":66,"column":2},"end":{"line":85,"column":3}},{"start":{"line":71,"column":9},"end":{"line":85,"column":3}}],"line":66},"5":{"loc":{"start":{"line":66,"column":6},"end":{"line":66,"column":61}},"type":"binary-expr","locations":[{"start":{"line":66,"column":6},"end":{"line":66,"column":31}},{"start":{"line":66,"column":35},"end":{"line":66,"column":61}}],"line":66},"6":{"loc":{"start":{"line":71,"column":9},"end":{"line":85,"column":3}},"type":"if","locations":[{"start":{"line":71,"column":9},"end":{"line":85,"column":3}},{"start":{"line":76,"column":9},"end":{"line":85,"column":3}}],"line":71},"7":{"loc":{"start":{"line":76,"column":9},"end":{"line":85,"column":3}},"type":"if","locations":[{"start":{"line":76,"column":9},"end":{"line":85,"column":3}},{"start":{"line":80,"column":9},"end":{"line":85,"column":3}}],"line":76}},"s":{"0":5,"1":7,"2":7,"3":6,"4":6,"5":18,"6":18,"7":14,"8":6,"9":16,"10":6,"11":1,"12":2,"13":2,"14":2,"15":3,"16":3,"17":3,"18":3,"19":2,"20":1,"21":1,"22":1,"23":2,"24":4,"25":2,"26":2,"27":2,"28":2,"29":2,"30":1,"31":1,"32":1,"33":1,"34":1,"35":1,"36":1,"37":1,"38":0,"39":0,"40":0,"41":0,"42":4,"43":4,"44":5},"f":{"0":7,"1":16,"2":2,"3":4},"b":{"0":[6,1],"1":[14,4],"2":[16,8],"3":[1,1],"4":[2,2],"5":[4,2],"6":[1,1],"7":[1,0]},"_coverageSchema":"1a1c01bbd47fc00a2c39e90264f33305004495a9","hash":"3b040e1d84bc98832373612caed26bb31f37ff05"}
,"F:\\GitHub_Projects\\One_Tournament\\domain\\resultado.js": {"path":"F:\\GitHub_Projects\\One_Tournament\\domain\\resultado.js","statementMap":{"0":{"start":{"line":2,"column":2},"end":{"line":8,"column":3}},"1":{"start":{"line":3,"column":4},"end":{"line":3,"column":23}},"2":{"start":{"line":4,"column":9},"end":{"line":8,"column":3}},"3":{"start":{"line":5,"column":4},"end":{"line":5,"column":23}},"4":{"start":{"line":7,"column":4},"end":{"line":7,"column":23}},"5":{"start":{"line":9,"column":2},"end":{"line":9,"column":23}},"6":{"start":{"line":12,"column":0},"end":{"line":12,"column":33}}},"fnMap":{"0":{"name":"sumarPuntos","decl":{"start":{"line":1,"column":9},"end":{"line":1,"column":20}},"loc":{"start":{"line":1,"column":47},"end":{"line":10,"column":1}},"line":1}},"branchMap":{"0":{"loc":{"start":{"line":2,"column":2},"end":{"line":8,"column":3}},"type":"if","locations":[{"start":{"line":2,"column":2},"end":{"line":8,"column":3}},{"start":{"line":4,"column":9},"end":{"line":8,"column":3}}],"line":2},"1":{"loc":{"start":{"line":4,"column":9},"end":{"line":8,"column":3}},"type":"if","locations":[{"start":{"line":4,"column":9},"end":{"line":8,"column":3}},{"start":{"line":6,"column":9},"end":{"line":8,"column":3}}],"line":4}},"s":{"0":3,"1":1,"2":2,"3":1,"4":1,"5":3,"6":5},"f":{"0":3},"b":{"0":[1,2],"1":[1,1]},"_coverageSchema":"1a1c01bbd47fc00a2c39e90264f33305004495a9","hash":"3bd36d5f1f597938c6230d85e06a5c370fe9fe06"}
,"F:\\GitHub_Projects\\One_Tournament\\middleware\\autenticar.js": {"path":"F:\\GitHub_Projects\\One_Tournament\\middleware\\autenticar.js","statementMap":{"0":{"start":{"line":1,"column":15},"end":{"line":1,"column":32}},"1":{"start":{"line":2,"column":12},"end":{"line":2,"column":38}},"2":{"start":{"line":3,"column":0},"end":{"line":3,"column":27}},"3":{"start":{"line":4,"column":19},"end":{"line":4,"column":41}},"4":{"start":{"line":7,"column":2},"end":{"line":11,"column":3}},"5":{"start":{"line":8,"column":4},"end":{"line":10,"column":78}},"6":{"start":{"line":13,"column":16},"end":{"line":13,"column":63}},"7":{"start":{"line":14,"column":18},"end":{"line":14,"column":52}},"8":{"start":{"line":15,"column":2},"end":{"line":22,"column":3}},"9":{"start":{"line":17,"column":4},"end":{"line":19,"column":5}},"10":{"start":{"line":18,"column":6},"end":{"line":18,"column":71}},"11":{"start":{"line":21,"column":4},"end":{"line":21,"column":64}},"12":{"start":{"line":23,"column":2},"end":{"line":23,"column":21}},"13":{"start":{"line":24,"column":2},"end":{"line":24,"column":9}},"14":{"start":{"line":27,"column":0},"end":{"line":29,"column":2}}},"fnMap":{"0":{"name":"ensureAuth","decl":{"start":{"line":6,"column":9},"end":{"line":6,"column":19}},"loc":{"start":{"line":6,"column":36},"end":{"line":25,"column":1}},"line":6}},"branchMap":{"0":{"loc":{"start":{"line":7,"column":2},"end":{"line":11,"column":3}},"type":"if","locations":[{"start":{"line":7,"column":2},"end":{"line":11,"column":3}},{"start":{},"end":{}}],"line":7},"1":{"loc":{"start":{"line":17,"column":4},"end":{"line":19,"column":5}},"type":"if","locations":[{"start":{"line":17,"column":4},"end":{"line":19,"column":5}},{"start":{},"end":{}}],"line":17}},"s":{"0":4,"1":4,"2":4,"3":4,"4":98,"5":18,"6":80,"7":80,"8":80,"9":80,"10":0,"11":1,"12":79,"13":79,"14":4},"f":{"0":98},"b":{"0":[18,80],"1":[0,79]},"_coverageSchema":"1a1c01bbd47fc00a2c39e90264f33305004495a9","hash":"b30d5d411c650e8fff752561234152fc01fda289"}
,"F:\\GitHub_Projects\\One_Tournament\\models\\jugador.js": {"path":"F:\\GitHub_Projects\\One_Tournament\\models\\jugador.js","statementMap":{"0":{"start":{"line":1,"column":17},"end":{"line":1,"column":36}},"1":{"start":{"line":3,"column":22},"end":{"line":33,"column":2}},"2":{"start":{"line":35,"column":0},"end":{"line":35,"column":58}}},"fnMap":{},"branchMap":{},"s":{"0":5,"1":5,"2":5},"f":{},"b":{},"_coverageSchema":"1a1c01bbd47fc00a2c39e90264f33305004495a9","hash":"7fec078d2b4526fca0bfd0856df83a92c69d4178"}
,"F:\\GitHub_Projects\\One_Tournament\\models\\tienda.js": {"path":"F:\\GitHub_Projects\\One_Tournament\\models\\tienda.js","statementMap":{"0":{"start":{"line":1,"column":17},"end":{"line":1,"column":36}},"1":{"start":{"line":3,"column":21},"end":{"line":21,"column":2}},"2":{"start":{"line":23,"column":0},"end":{"line":23,"column":56}}},"fnMap":{},"branchMap":{},"s":{"0":4,"1":4,"2":4},"f":{},"b":{},"_coverageSchema":"1a1c01bbd47fc00a2c39e90264f33305004495a9","hash":"ac615d23bcdf7ae5c0a59dd39cbbb92a89f29501"}
,"F:\\GitHub_Projects\\One_Tournament\\models\\torneo.js": {"path":"F:\\GitHub_Projects\\One_Tournament\\models\\torneo.js","statementMap":{"0":{"start":{"line":1,"column":17},"end":{"line":1,"column":36}},"1":{"start":{"line":2,"column":15},"end":{"line":2,"column":30}},"2":{"start":{"line":4,"column":21},"end":{"line":12,"column":2}},"3":{"start":{"line":14,"column":15},"end":{"line":14,"column":53}},"4":{"start":{"line":16,"column":0},"end":{"line":16,"column":24}}},"fnMap":{},"branchMap":{},"s":{"0":4,"1":4,"2":4,"3":4,"4":4},"f":{},"b":{},"_coverageSchema":"1a1c01bbd47fc00a2c39e90264f33305004495a9","hash":"8adf12b44be3f3d30fd62672a5d6f41efd4a8113"}
,"F:\\GitHub_Projects\\One_Tournament\\models\\user.js": {"path":"F:\\GitHub_Projects\\One_Tournament\\models\\user.js","statementMap":{"0":{"start":{"line":1,"column":17},"end":{"line":1,"column":36}},"1":{"start":{"line":3,"column":19},"end":{"line":20,"column":2}},"2":{"start":{"line":22,"column":0},"end":{"line":22,"column":52}}},"fnMap":{},"branchMap":{},"s":{"0":4,"1":4,"2":4},"f":{},"b":{},"_coverageSchema":"1a1c01bbd47fc00a2c39e90264f33305004495a9","hash":"41b21bc57b34628934b81db73d8222470948b2ed"}
,"F:\\GitHub_Projects\\One_Tournament\\repository\\repositoryJugador.js": {"path":"F:\\GitHub_Projects\\One_Tournament\\repository\\repositoryJugador.js","statementMap":{"0":{"start":{"line":1,"column":16},"end":{"line":1,"column":44}},"1":{"start":{"line":4,"column":23},"end":{"line":4,"column":52}},"2":{"start":{"line":5,"column":2},"end":{"line":5,"column":24}},"3":{"start":{"line":9,"column":18},"end":{"line":9,"column":38}},"4":{"start":{"line":10,"column":2},"end":{"line":10,"column":19}},"5":{"start":{"line":14,"column":2},"end":{"line":14,"column":54}},"6":{"start":{"line":18,"column":2},"end":{"line":18,"column":62}},"7":{"start":{"line":22,"column":2},"end":{"line":22,"column":45}},"8":{"start":{"line":26,"column":2},"end":{"line":26,"column":66}},"9":{"start":{"line":30,"column":2},"end":{"line":33,"column":4}},"10":{"start":{"line":36,"column":0},"end":{"line":44,"column":2}}},"fnMap":{"0":{"name":"createJugador","decl":{"start":{"line":3,"column":15},"end":{"line":3,"column":28}},"loc":{"start":{"line":3,"column":38},"end":{"line":6,"column":1}},"line":3},"1":{"name":"getJugadores","decl":{"start":{"line":8,"column":15},"end":{"line":8,"column":27}},"loc":{"start":{"line":8,"column":30},"end":{"line":11,"column":1}},"line":8},"2":{"name":"deleteJugador","decl":{"start":{"line":13,"column":9},"end":{"line":13,"column":22}},"loc":{"start":{"line":13,"column":31},"end":{"line":15,"column":1}},"line":13},"3":{"name":"updateJugador","decl":{"start":{"line":17,"column":9},"end":{"line":17,"column":22}},"loc":{"start":{"line":17,"column":39},"end":{"line":19,"column":1}},"line":17},"4":{"name":"getJugador","decl":{"start":{"line":21,"column":9},"end":{"line":21,"column":19}},"loc":{"start":{"line":21,"column":28},"end":{"line":23,"column":1}},"line":21},"5":{"name":"getPuntosTorneo","decl":{"start":{"line":25,"column":9},"end":{"line":25,"column":24}},"loc":{"start":{"line":25,"column":33},"end":{"line":27,"column":1}},"line":25},"6":{"name":"setResultado","decl":{"start":{"line":29,"column":9},"end":{"line":29,"column":21}},"loc":{"start":{"line":29,"column":41},"end":{"line":34,"column":1}},"line":29}},"branchMap":{},"s":{"0":5,"1":3,"2":3,"3":1,"4":1,"5":2,"6":16,"7":31,"8":2,"9":3,"10":5},"f":{"0":3,"1":1,"2":2,"3":16,"4":31,"5":2,"6":3},"b":{},"_coverageSchema":"1a1c01bbd47fc00a2c39e90264f33305004495a9","hash":"b21bedeb284f04d4be5ad8b0ba29f516432292d3"}
,"F:\\GitHub_Projects\\One_Tournament\\repository\\repositoryTienda.js": {"path":"F:\\GitHub_Projects\\One_Tournament\\repository\\repositoryTienda.js","statementMap":{"0":{"start":{"line":1,"column":15},"end":{"line":1,"column":42}},"1":{"start":{"line":4,"column":22},"end":{"line":4,"column":49}},"2":{"start":{"line":5,"column":2},"end":{"line":5,"column":23}},"3":{"start":{"line":9,"column":16},"end":{"line":9,"column":35}},"4":{"start":{"line":10,"column":2},"end":{"line":10,"column":17}},"5":{"start":{"line":14,"column":2},"end":{"line":14,"column":53}},"6":{"start":{"line":18,"column":2},"end":{"line":18,"column":61}},"7":{"start":{"line":22,"column":2},"end":{"line":22,"column":44}},"8":{"start":{"line":25,"column":0},"end":{"line":31,"column":2}}},"fnMap":{"0":{"name":"createTienda","decl":{"start":{"line":3,"column":15},"end":{"line":3,"column":27}},"loc":{"start":{"line":3,"column":36},"end":{"line":6,"column":1}},"line":3},"1":{"name":"getTiendas","decl":{"start":{"line":8,"column":15},"end":{"line":8,"column":25}},"loc":{"start":{"line":8,"column":28},"end":{"line":11,"column":1}},"line":8},"2":{"name":"deleteTienda","decl":{"start":{"line":13,"column":9},"end":{"line":13,"column":21}},"loc":{"start":{"line":13,"column":30},"end":{"line":15,"column":1}},"line":13},"3":{"name":"updateTienda","decl":{"start":{"line":17,"column":9},"end":{"line":17,"column":21}},"loc":{"start":{"line":17,"column":38},"end":{"line":19,"column":1}},"line":17},"4":{"name":"getTienda","decl":{"start":{"line":21,"column":9},"end":{"line":21,"column":18}},"loc":{"start":{"line":21,"column":27},"end":{"line":23,"column":1}},"line":21}},"branchMap":{},"s":{"0":4,"1":1,"2":1,"3":1,"4":1,"5":2,"6":2,"7":2,"8":4},"f":{"0":1,"1":1,"2":2,"3":2,"4":2},"b":{},"_coverageSchema":"1a1c01bbd47fc00a2c39e90264f33305004495a9","hash":"2c1f97611db8dbb64272d6cd68ed4607ddb967c8"}
,"F:\\GitHub_Projects\\One_Tournament\\repository\\repositoryTorneo.js": {"path":"F:\\GitHub_Projects\\One_Tournament\\repository\\repositoryTorneo.js","statementMap":{"0":{"start":{"line":1,"column":15},"end":{"line":1,"column":42}},"1":{"start":{"line":4,"column":22},"end":{"line":4,"column":49}},"2":{"start":{"line":5,"column":2},"end":{"line":5,"column":23}},"3":{"start":{"line":9,"column":16},"end":{"line":9,"column":35}},"4":{"start":{"line":10,"column":2},"end":{"line":10,"column":17}},"5":{"start":{"line":14,"column":2},"end":{"line":14,"column":79}},"6":{"start":{"line":18,"column":2},"end":{"line":21,"column":4}},"7":{"start":{"line":25,"column":2},"end":{"line":25,"column":70}},"8":{"start":{"line":28,"column":0},"end":{"line":34,"column":2}}},"fnMap":{"0":{"name":"createTorneo","decl":{"start":{"line":3,"column":15},"end":{"line":3,"column":27}},"loc":{"start":{"line":3,"column":36},"end":{"line":6,"column":1}},"line":3},"1":{"name":"getTorneos","decl":{"start":{"line":8,"column":15},"end":{"line":8,"column":25}},"loc":{"start":{"line":8,"column":28},"end":{"line":11,"column":1}},"line":8},"2":{"name":"deleteTorneo","decl":{"start":{"line":13,"column":9},"end":{"line":13,"column":21}},"loc":{"start":{"line":13,"column":43},"end":{"line":15,"column":1}},"line":13},"3":{"name":"updateTorneo","decl":{"start":{"line":17,"column":9},"end":{"line":17,"column":21}},"loc":{"start":{"line":17,"column":51},"end":{"line":22,"column":1}},"line":17},"4":{"name":"getTorneo","decl":{"start":{"line":24,"column":9},"end":{"line":24,"column":18}},"loc":{"start":{"line":24,"column":40},"end":{"line":26,"column":1}},"line":24}},"branchMap":{},"s":{"0":4,"1":5,"2":5,"3":1,"4":1,"5":2,"6":6,"7":22,"8":4},"f":{"0":5,"1":1,"2":2,"3":6,"4":22},"b":{},"_coverageSchema":"1a1c01bbd47fc00a2c39e90264f33305004495a9","hash":"5f32612cf5e1cd288ef6bbcda7e7cdb7c2fa0e2e"}
,"F:\\GitHub_Projects\\One_Tournament\\repository\\repositoryUser.js": {"path":"F:\\GitHub_Projects\\One_Tournament\\repository\\repositoryUser.js","statementMap":{"0":{"start":{"line":1,"column":15},"end":{"line":1,"column":34}},"1":{"start":{"line":2,"column":13},"end":{"line":2,"column":38}},"2":{"start":{"line":5,"column":13},"end":{"line":5,"column":37}},"3":{"start":{"line":6,"column":2},"end":{"line":6,"column":57}},"4":{"start":{"line":7,"column":20},"end":{"line":7,"column":43}},"5":{"start":{"line":8,"column":2},"end":{"line":8,"column":21}},"6":{"start":{"line":11,"column":13},"end":{"line":11,"column":48}},"7":{"start":{"line":12,"column":2},"end":{"line":12,"column":14}},"8":{"start":{"line":14,"column":0},"end":{"line":17,"column":2}}},"fnMap":{"0":{"name":"register","decl":{"start":{"line":4,"column":15},"end":{"line":4,"column":23}},"loc":{"start":{"line":4,"column":30},"end":{"line":9,"column":1}},"line":4},"1":{"name":"getUserByMail","decl":{"start":{"line":10,"column":15},"end":{"line":10,"column":28}},"loc":{"start":{"line":10,"column":35},"end":{"line":13,"column":1}},"line":10}},"branchMap":{},"s":{"0":4,"1":4,"2":4,"3":4,"4":4,"5":4,"6":11,"7":11,"8":4},"f":{"0":4,"1":11},"b":{},"_coverageSchema":"1a1c01bbd47fc00a2c39e90264f33305004495a9","hash":"ed2617f7a5d213989a0f452b13c44938c7799f48"}
,"F:\\GitHub_Projects\\One_Tournament\\routes\\jugador.js": {"path":"F:\\GitHub_Projects\\One_Tournament\\routes\\jugador.js","statementMap":{"0":{"start":{"line":1,"column":16},"end":{"line":1,"column":34}},"1":{"start":{"line":2,"column":26},"end":{"line":2,"column":59}},"2":{"start":{"line":3,"column":16},"end":{"line":3,"column":51}},"3":{"start":{"line":5,"column":12},"end":{"line":5,"column":28}},"4":{"start":{"line":7,"column":0},"end":{"line":7,"column":76}},"5":{"start":{"line":8,"column":0},"end":{"line":8,"column":74}},"6":{"start":{"line":9,"column":0},"end":{"line":9,"column":80}},"7":{"start":{"line":10,"column":0},"end":{"line":14,"column":2}},"8":{"start":{"line":15,"column":0},"end":{"line":19,"column":2}},"9":{"start":{"line":20,"column":0},"end":{"line":24,"column":2}},"10":{"start":{"line":25,"column":0},"end":{"line":29,"column":2}},"11":{"start":{"line":30,"column":0},"end":{"line":30,"column":21}}},"fnMap":{},"branchMap":{},"s":{"0":4,"1":4,"2":4,"3":4,"4":4,"5":4,"6":4,"7":4,"8":4,"9":4,"10":4,"11":4},"f":{},"b":{},"_coverageSchema":"1a1c01bbd47fc00a2c39e90264f33305004495a9","hash":"5abc3f3062f022ab6f7c6022ee8a92c84bbc9d07"}
,"F:\\GitHub_Projects\\One_Tournament\\routes\\tienda.js": {"path":"F:\\GitHub_Projects\\One_Tournament\\routes\\tienda.js","statementMap":{"0":{"start":{"line":1,"column":16},"end":{"line":1,"column":34}},"1":{"start":{"line":2,"column":25},"end":{"line":2,"column":57}},"2":{"start":{"line":3,"column":16},"end":{"line":3,"column":51}},"3":{"start":{"line":5,"column":12},"end":{"line":5,"column":28}},"4":{"start":{"line":7,"column":0},"end":{"line":7,"column":70}},"5":{"start":{"line":8,"column":0},"end":{"line":8,"column":73}},"6":{"start":{"line":9,"column":0},"end":{"line":9,"column":77}},"7":{"start":{"line":10,"column":0},"end":{"line":14,"column":2}},"8":{"start":{"line":15,"column":0},"end":{"line":15,"column":80}},"9":{"start":{"line":17,"column":0},"end":{"line":17,"column":21}}},"fnMap":{},"branchMap":{},"s":{"0":4,"1":4,"2":4,"3":4,"4":4,"5":4,"6":4,"7":4,"8":4,"9":4},"f":{},"b":{},"_coverageSchema":"1a1c01bbd47fc00a2c39e90264f33305004495a9","hash":"135d0494f09044badd7e756912d469a647384ed5"}
,"F:\\GitHub_Projects\\One_Tournament\\routes\\torneo.js": {"path":"F:\\GitHub_Projects\\One_Tournament\\routes\\torneo.js","statementMap":{"0":{"start":{"line":1,"column":16},"end":{"line":1,"column":34}},"1":{"start":{"line":2,"column":25},"end":{"line":2,"column":57}},"2":{"start":{"line":4,"column":16},"end":{"line":4,"column":51}},"3":{"start":{"line":6,"column":12},"end":{"line":6,"column":28}},"4":{"start":{"line":8,"column":0},"end":{"line":8,"column":73}},"5":{"start":{"line":9,"column":0},"end":{"line":9,"column":70}},"6":{"start":{"line":10,"column":0},"end":{"line":14,"column":2}},"7":{"start":{"line":15,"column":0},"end":{"line":19,"column":2}},"8":{"start":{"line":20,"column":0},"end":{"line":24,"column":2}},"9":{"start":{"line":25,"column":0},"end":{"line":29,"column":2}},"10":{"start":{"line":30,"column":0},"end":{"line":34,"column":2}},"11":{"start":{"line":35,"column":0},"end":{"line":39,"column":2}},"12":{"start":{"line":40,"column":0},"end":{"line":44,"column":2}},"13":{"start":{"line":45,"column":0},"end":{"line":49,"column":2}},"14":{"start":{"line":50,"column":0},"end":{"line":54,"column":2}},"15":{"start":{"line":55,"column":0},"end":{"line":55,"column":21}}},"fnMap":{},"branchMap":{},"s":{"0":4,"1":4,"2":4,"3":4,"4":4,"5":4,"6":4,"7":4,"8":4,"9":4,"10":4,"11":4,"12":4,"13":4,"14":4,"15":4},"f":{},"b":{},"_coverageSchema":"1a1c01bbd47fc00a2c39e90264f33305004495a9","hash":"5cbffaf426bace03112a75007bcf9419f90e42e6"}
,"F:\\GitHub_Projects\\One_Tournament\\routes\\user.js": {"path":"F:\\GitHub_Projects\\One_Tournament\\routes\\user.js","statementMap":{"0":{"start":{"line":1,"column":16},"end":{"line":1,"column":34}},"1":{"start":{"line":2,"column":23},"end":{"line":2,"column":53}},"2":{"start":{"line":4,"column":16},"end":{"line":4,"column":51}},"3":{"start":{"line":6,"column":12},"end":{"line":6,"column":28}},"4":{"start":{"line":8,"column":0},"end":{"line":8,"column":47}},"5":{"start":{"line":9,"column":0},"end":{"line":9,"column":41}},"6":{"start":{"line":10,"column":0},"end":{"line":10,"column":75}},"7":{"start":{"line":12,"column":0},"end":{"line":12,"column":21}}},"fnMap":{},"branchMap":{},"s":{"0":4,"1":4,"2":4,"3":4,"4":4,"5":4,"6":4,"7":4},"f":{},"b":{},"_coverageSchema":"1a1c01bbd47fc00a2c39e90264f33305004495a9","hash":"7f6c233bb12e2b506135c4de9725a665274c67ef"}
,"F:\\GitHub_Projects\\One_Tournament\\services\\jwt.js": {"path":"F:\\GitHub_Projects\\One_Tournament\\services\\jwt.js","statementMap":{"0":{"start":{"line":1,"column":12},"end":{"line":1,"column":35}},"1":{"start":{"line":2,"column":0},"end":{"line":2,"column":27}},"2":{"start":{"line":4,"column":21},"end":{"line":4,"column":45}},"3":{"start":{"line":7,"column":23},"end":{"line":7,"column":27}},"4":{"start":{"line":8,"column":18},"end":{"line":8,"column":30}},"5":{"start":{"line":9,"column":2},"end":{"line":9,"column":56}},"6":{"start":{"line":13,"column":2},"end":{"line":13,"column":41}},"7":{"start":{"line":16,"column":0},"end":{"line":19,"column":2}}},"fnMap":{"0":{"name":"createToken","decl":{"start":{"line":6,"column":9},"end":{"line":6,"column":20}},"loc":{"start":{"line":6,"column":38},"end":{"line":10,"column":1}},"line":6},"1":{"name":"decodeToken","decl":{"start":{"line":12,"column":9},"end":{"line":12,"column":20}},"loc":{"start":{"line":12,"column":28},"end":{"line":14,"column":1}},"line":12}},"branchMap":{},"s":{"0":4,"1":4,"2":4,"3":4,"4":4,"5":4,"6":80,"7":4},"f":{"0":4,"1":80},"b":{},"_coverageSchema":"1a1c01bbd47fc00a2c39e90264f33305004495a9","hash":"8beae2e2bbac951c64ee3edc27038669d28c0fed"}
}
