TN:
SF:app.js
FNF:0
FNH:0
DA:1,4
DA:2,4
DA:4,4
DA:5,4
DA:6,4
DA:7,4
DA:8,4
DA:9,4
DA:11,4
DA:12,4
DA:13,4
DA:14,4
DA:16,4
LF:13
LH:13
BRF:0
BRH:0
end_of_record
TN:
SF:controllers\jugador.js
FN:3,createJugador
FN:12,getJugadores
FN:21,deleteJugador
FN:35,updateJugador
FN:50,getJugador
FN:64,getPuntosTorneo
FN:78,setResultado
FNF:7
FNH:7
FNDA:4,createJugador
FNDA:2,getJugadores
FNDA:3,deleteJugador
FNDA:3,updateJugador
FNDA:3,getJugador
FNDA:3,getPuntosTorneo
FNDA:3,setResultado
DA:1,4
DA:4,4
DA:5,4
DA:6,3
DA:8,1
DA:13,2
DA:14,2
DA:15,1
DA:17,1
DA:22,3
DA:23,3
DA:24,3
DA:25,2
DA:26,1
DA:28,1
DA:31,1
DA:36,3
DA:37,3
DA:38,3
DA:39,3
DA:40,2
DA:41,1
DA:43,1
DA:46,1
DA:51,3
DA:52,3
DA:53,3
DA:54,2
DA:55,1
DA:57,1
DA:60,1
DA:65,3
DA:66,3
DA:67,3
DA:68,2
DA:69,1
DA:71,1
DA:74,1
DA:79,3
DA:80,3
DA:81,3
DA:82,2
DA:83,1
DA:85,1
DA:88,1
DA:92,4
LF:46
LH:46
BRDA:25,0,0,1
BRDA:25,0,1,1
BRDA:40,1,0,1
BRDA:40,1,1,1
BRDA:54,2,0,1
BRDA:54,2,1,1
BRDA:68,3,0,1
BRDA:68,3,1,1
BRDA:82,4,0,1
BRDA:82,4,1,1
BRF:10
BRH:10
end_of_record
TN:
SF:controllers\tienda.js
FN:3,createTienda
FN:12,getTiendas
FN:21,deleteTienda
FN:35,updateTienda
FN:50,getTienda
FNF:5
FNH:5
FNDA:2,createTienda
FNDA:2,getTiendas
FNDA:3,deleteTienda
FNDA:3,updateTienda
FNDA:3,getTienda
DA:1,4
DA:4,2
DA:5,2
DA:6,1
DA:8,1
DA:13,2
DA:14,2
DA:15,1
DA:17,1
DA:22,3
DA:23,3
DA:24,3
DA:25,2
DA:26,1
DA:28,1
DA:31,1
DA:36,3
DA:37,3
DA:38,3
DA:39,3
DA:40,2
DA:41,1
DA:43,1
DA:46,1
DA:51,3
DA:52,3
DA:53,3
DA:54,2
DA:55,1
DA:57,1
DA:60,1
DA:64,4
LF:32
LH:32
BRDA:25,0,0,1
BRDA:25,0,1,1
BRDA:40,1,0,1
BRDA:40,1,1,1
BRDA:54,2,0,1
BRDA:54,2,1,1
BRF:6
BRH:6
end_of_record
TN:
SF:controllers\torneo.js
FN:6,createTorneo
FN:20,getTorneos
FN:29,deleteTorneo
FN:43,updateTorneo
FN:58,getTorneo
FN:72,añadirParticipante
FN:105,eliminarParticipante
FN:116,(anonymous_7)
FN:124,getPuntosJugadores
FN:140,calculoRonda
FN:178,pairing
FN:197,emparejarTorneo
FN:226,actualizarPuntosUltimoTorneoJugadores
FN:240,actualizarPuntosTotalesJugadores
FN:256,eliminarParing
FN:269,actualizarPuntosTorneo
FNF:16
FNH:16
FNDA:7,createTorneo
FNDA:2,getTorneos
FNDA:3,deleteTorneo
FNDA:3,updateTorneo
FNDA:3,getTorneo
FNDA:6,añadirParticipante
FNDA:4,eliminarParticipante
FNDA:4,(anonymous_7)
FNDA:3,getPuntosJugadores
FNDA:5,calculoRonda
FNDA:3,pairing
FNDA:5,emparejarTorneo
FNDA:1,actualizarPuntosUltimoTorneoJugadores
FNDA:1,actualizarPuntosTotalesJugadores
FNDA:1,eliminarParing
FNDA:1,actualizarPuntosTorneo
DA:1,4
DA:2,4
DA:3,4
DA:4,4
DA:7,7
DA:8,7
DA:10,6
DA:11,5
DA:13,1
DA:16,1
DA:21,2
DA:22,2
DA:23,1
DA:25,1
DA:30,3
DA:31,3
DA:32,3
DA:33,2
DA:34,1
DA:36,1
DA:39,1
DA:44,3
DA:45,3
DA:46,3
DA:47,3
DA:48,2
DA:49,1
DA:51,1
DA:54,1
DA:59,3
DA:60,3
DA:61,3
DA:62,2
DA:63,1
DA:65,1
DA:68,1
DA:73,6
DA:74,6
DA:75,6
DA:77,5
DA:78,1
DA:81,4
DA:83,4
DA:84,1
DA:87,3
DA:88,1
DA:91,2
DA:92,1
DA:95,1
DA:97,1
DA:99,1
DA:101,1
DA:106,4
DA:107,4
DA:108,4
DA:109,3
DA:110,1
DA:112,2
DA:113,2
DA:114,1
DA:116,4
DA:117,1
DA:118,1
DA:120,1
DA:125,3
DA:126,3
DA:127,3
DA:128,2
DA:129,1
DA:133,1
DA:136,1
DA:141,5
DA:142,5
DA:144,5
DA:146,4
DA:147,1
DA:148,3
DA:149,1
DA:150,2
DA:151,1
DA:154,1
DA:155,1
DA:156,1
DA:157,1
DA:163,1
DA:164,1
DA:166,1
DA:170,1
DA:174,1
DA:179,3
DA:180,3
DA:182,3
DA:184,2
DA:185,1
DA:188,1
DA:189,1
DA:190,1
DA:191,1
DA:193,1
DA:198,5
DA:199,5
DA:201,5
DA:203,4
DA:204,1
DA:205,3
DA:206,1
DA:208,2
DA:210,2
DA:211,1
DA:213,1
DA:217,1
DA:223,1
DA:227,1
DA:228,2
DA:229,2
DA:230,0
DA:231,0
DA:233,2
DA:234,2
DA:241,1
DA:242,2
DA:243,2
DA:244,0
DA:245,0
DA:247,2
DA:248,2
DA:249,2
DA:250,2
DA:257,1
DA:258,2
DA:259,2
DA:260,0
DA:261,0
DA:263,2
DA:270,1
DA:272,3
DA:274,3
DA:275,3
DA:276,3
DA:278,0
DA:279,0
DA:280,0
DA:282,0
DA:287,4
LF:144
LH:134
BRDA:10,0,0,5
BRDA:10,0,1,1
BRDA:33,1,0,1
BRDA:33,1,1,1
BRDA:48,2,0,1
BRDA:48,2,1,1
BRDA:62,3,0,1
BRDA:62,3,1,1
BRDA:77,4,0,1
BRDA:77,4,1,4
BRDA:83,5,0,1
BRDA:83,5,1,3
BRDA:87,6,0,1
BRDA:87,6,1,2
BRDA:91,7,0,1
BRDA:91,7,1,1
BRDA:109,8,0,1
BRDA:109,8,1,2
BRDA:113,9,0,1
BRDA:113,9,1,1
BRDA:128,10,0,1
BRDA:128,10,1,1
BRDA:146,11,0,1
BRDA:146,11,1,3
BRDA:148,12,0,1
BRDA:148,12,1,2
BRDA:150,13,0,1
BRDA:150,13,1,1
BRDA:184,14,0,1
BRDA:184,14,1,1
BRDA:203,15,0,1
BRDA:203,15,1,3
BRDA:205,16,0,1
BRDA:205,16,1,2
BRDA:210,17,0,1
BRDA:210,17,1,1
BRDA:229,18,0,0
BRDA:229,18,1,2
BRDA:243,19,0,0
BRDA:243,19,1,2
BRDA:259,20,0,0
BRDA:259,20,1,2
BRDA:274,21,0,3
BRDA:274,21,1,0
BRF:44
BRH:40
end_of_record
TN:
SF:controllers\user.js
FN:5,register
FN:18,checkUserExist
FN:24,checkMailAndPass
FN:30,login
FN:51,protectedRoute
FNF:5
FNH:5
FNDA:8,register
FNDA:5,checkUserExist
FNDA:8,checkMailAndPass
FNDA:6,login
FNDA:1,protectedRoute
DA:1,4
DA:2,4
DA:3,4
DA:6,8
DA:7,8
DA:8,8
DA:9,5
DA:10,5
DA:11,4
DA:12,4
DA:14,4
DA:19,5
DA:20,1
DA:25,8
DA:26,3
DA:31,6
DA:32,6
DA:33,6
DA:34,6
DA:35,1
DA:37,5
DA:38,5
DA:40,1
DA:42,4
DA:47,2
DA:52,1
DA:55,4
LF:27
LH:27
BRDA:19,0,0,1
BRDA:19,0,1,4
BRDA:25,1,0,3
BRDA:25,1,1,5
BRDA:25,2,0,8
BRDA:25,2,1,6
BRDA:34,3,0,1
BRDA:34,3,1,5
BRDA:38,4,0,1
BRDA:38,4,1,4
BRF:10
BRH:10
end_of_record
TN:
SF:domain\emparejamiento.js
FN:3,getListaJugadores
FN:17,(anonymous_1)
FN:24,emparejar
FN:65,actualizarPairing
FNF:4
FNH:4
FNDA:7,getListaJugadores
FNDA:16,(anonymous_1)
FNDA:2,emparejar
FNDA:4,actualizarPairing
DA:1,5
DA:4,7
DA:5,7
DA:6,6
DA:7,18
DA:8,18
DA:9,14
DA:17,16
DA:18,6
DA:20,1
DA:25,2
DA:27,2
DA:28,3
DA:29,3
DA:32,3
DA:43,3
DA:47,2
DA:48,1
DA:51,1
DA:59,1
DA:62,2
DA:66,4
DA:67,2
DA:68,2
DA:69,2
DA:70,2
DA:71,2
DA:72,1
DA:73,1
DA:74,1
DA:75,1
DA:76,1
DA:77,1
DA:78,1
DA:79,1
DA:81,0
DA:82,0
DA:83,0
DA:84,0
DA:88,4
DA:92,4
DA:98,5
LF:42
LH:38
BRDA:5,0,0,6
BRDA:5,0,1,1
BRDA:8,1,0,14
BRDA:8,1,1,4
BRDA:17,2,0,16
BRDA:17,2,1,8
BRDA:47,3,0,1
BRDA:47,3,1,1
BRDA:66,4,0,2
BRDA:66,4,1,2
BRDA:66,5,0,4
BRDA:66,5,1,2
BRDA:71,6,0,1
BRDA:71,6,1,1
BRDA:76,7,0,1
BRDA:76,7,1,0
BRF:16
BRH:15
end_of_record
TN:
SF:domain\resultado.js
FN:1,sumarPuntos
FNF:1
FNH:1
FNDA:3,sumarPuntos
DA:2,3
DA:3,1
DA:4,2
DA:5,1
DA:7,1
DA:9,3
DA:12,5
LF:7
LH:7
BRDA:2,0,0,1
BRDA:2,0,1,2
BRDA:4,1,0,1
BRDA:4,1,1,1
BRF:4
BRH:4
end_of_record
TN:
SF:middleware\autenticar.js
FN:6,ensureAuth
FNF:1
FNH:1
FNDA:98,ensureAuth
DA:1,4
DA:2,4
DA:3,4
DA:4,4
DA:7,98
DA:8,18
DA:13,80
DA:14,80
DA:15,80
DA:17,80
DA:18,0
DA:21,1
DA:23,79
DA:24,79
DA:27,4
LF:15
LH:14
BRDA:7,0,0,18
BRDA:7,0,1,80
BRDA:17,1,0,0
BRDA:17,1,1,79
BRF:4
BRH:3
end_of_record
TN:
SF:models\jugador.js
FNF:0
FNH:0
DA:1,5
DA:3,5
DA:35,5
LF:3
LH:3
BRF:0
BRH:0
end_of_record
TN:
SF:models\tienda.js
FNF:0
FNH:0
DA:1,4
DA:3,4
DA:23,4
LF:3
LH:3
BRF:0
BRH:0
end_of_record
TN:
SF:models\torneo.js
FNF:0
FNH:0
DA:1,4
DA:2,4
DA:4,4
DA:14,4
DA:16,4
LF:5
LH:5
BRF:0
BRH:0
end_of_record
TN:
SF:models\user.js
FNF:0
FNH:0
DA:1,4
DA:3,4
DA:22,4
LF:3
LH:3
BRF:0
BRH:0
end_of_record
TN:
SF:repository\repositoryJugador.js
FN:3,createJugador
FN:8,getJugadores
FN:13,deleteJugador
FN:17,updateJugador
FN:21,getJugador
FN:25,getPuntosTorneo
FN:29,setResultado
FNF:7
FNH:7
FNDA:3,createJugador
FNDA:1,getJugadores
FNDA:2,deleteJugador
FNDA:16,updateJugador
FNDA:31,getJugador
FNDA:2,getPuntosTorneo
FNDA:3,setResultado
DA:1,5
DA:4,3
DA:5,3
DA:9,1
DA:10,1
DA:14,2
DA:18,16
DA:22,31
DA:26,2
DA:30,3
DA:36,5
LF:11
LH:11
BRF:0
BRH:0
end_of_record
TN:
SF:repository\repositoryTienda.js
FN:3,createTienda
FN:8,getTiendas
FN:13,deleteTienda
FN:17,updateTienda
FN:21,getTienda
FNF:5
FNH:5
FNDA:1,createTienda
FNDA:1,getTiendas
FNDA:2,deleteTienda
FNDA:2,updateTienda
FNDA:2,getTienda
DA:1,4
DA:4,1
DA:5,1
DA:9,1
DA:10,1
DA:14,2
DA:18,2
DA:22,2
DA:25,4
LF:9
LH:9
BRF:0
BRH:0
end_of_record
TN:
SF:repository\repositoryTorneo.js
FN:3,createTorneo
FN:8,getTorneos
FN:13,deleteTorneo
FN:17,updateTorneo
FN:24,getTorneo
FNF:5
FNH:5
FNDA:5,createTorneo
FNDA:1,getTorneos
FNDA:2,deleteTorneo
FNDA:6,updateTorneo
FNDA:22,getTorneo
DA:1,4
DA:4,5
DA:5,5
DA:9,1
DA:10,1
DA:14,2
DA:18,6
DA:25,22
DA:28,4
LF:9
LH:9
BRF:0
BRH:0
end_of_record
TN:
SF:repository\repositoryUser.js
FN:4,register
FN:10,getUserByMail
FNF:2
FNH:2
FNDA:4,register
FNDA:11,getUserByMail
DA:1,4
DA:2,4
DA:5,4
DA:6,4
DA:7,4
DA:8,4
DA:11,11
DA:12,11
DA:14,4
LF:9
LH:9
BRF:0
BRH:0
end_of_record
TN:
SF:routes\jugador.js
FNF:0
FNH:0
DA:1,4
DA:2,4
DA:3,4
DA:5,4
DA:7,4
DA:8,4
DA:9,4
DA:10,4
DA:15,4
DA:20,4
DA:25,4
DA:30,4
LF:12
LH:12
BRF:0
BRH:0
end_of_record
TN:
SF:routes\tienda.js
FNF:0
FNH:0
DA:1,4
DA:2,4
DA:3,4
DA:5,4
DA:7,4
DA:8,4
DA:9,4
DA:10,4
DA:15,4
DA:17,4
LF:10
LH:10
BRF:0
BRH:0
end_of_record
TN:
SF:routes\torneo.js
FNF:0
FNH:0
DA:1,4
DA:2,4
DA:4,4
DA:6,4
DA:8,4
DA:9,4
DA:10,4
DA:15,4
DA:20,4
DA:25,4
DA:30,4
DA:35,4
DA:40,4
DA:45,4
DA:50,4
DA:55,4
LF:16
LH:16
BRF:0
BRH:0
end_of_record
TN:
SF:routes\user.js
FNF:0
FNH:0
DA:1,4
DA:2,4
DA:4,4
DA:6,4
DA:8,4
DA:9,4
DA:10,4
DA:12,4
LF:8
LH:8
BRF:0
BRH:0
end_of_record
TN:
SF:services\jwt.js
FN:6,createToken
FN:12,decodeToken
FNF:2
FNH:2
FNDA:4,createToken
FNDA:80,decodeToken
DA:1,4
DA:2,4
DA:4,4
DA:7,4
DA:8,4
DA:9,4
DA:13,80
DA:16,4
LF:8
LH:8
BRF:0
BRH:0
end_of_record
